2024-04-06 16:16:37.517 [main] DEBUG - Iniciando la aplicación
2024-04-06 16:16:37.530 [main] DEBUG - Parseando metamodelo...
2024-04-06 16:16:37.557 [main] DEBUG - -------------------------------------------------------------------------------------------------------------------
2024-04-06 16:16:37.563 [main] DEBUG - Parseando modelo 1...
2024-04-06 16:16:37.563 [main] DEBUG - -------------------------------------------------------------------------------------------------------------------
2024-04-06 16:16:37.565 [main] DEBUG - Parseando nodos...
2024-04-06 16:16:37.570 [main] DEBUG - Nodo 0: { Nombre: VendingMachine}
2024-04-06 16:16:37.571 [main] DEBUG - Nodo 1: { Nombre: Container}
2024-04-06 16:16:37.571 [main] DEBUG - Nodo 2: { Nombre: Supplement}
2024-04-06 16:16:37.571 [main] DEBUG - Nodo 3: { Nombre: Beverage}
2024-04-06 16:16:37.571 [main] DEBUG - Nodo 4: { Nombre: Solid}
2024-04-06 16:16:37.571 [main] DEBUG - Nodo 5: { Nombre: Tea}
2024-04-06 16:16:37.571 [main] DEBUG - Nodo 6: { Nombre: Coffee}
2024-04-06 16:16:37.571 [main] DEBUG - Nodo 7: { Nombre: Sugar}
2024-04-06 16:16:37.571 [main] DEBUG - Nodo 8: { Nombre: Milk}
2024-04-06 16:16:37.571 [main] DEBUG - Nodo 0: { Nombre: VendingMachine}
2024-04-06 16:16:37.571 [main] DEBUG - Nodo 1: { Nombre: Container}
2024-04-06 16:16:37.571 [main] DEBUG - Nodo 2: { Nombre: Supplement}
2024-04-06 16:16:37.572 [main] DEBUG - Nodo 3: { Nombre: Beverage}
2024-04-06 16:16:37.572 [main] DEBUG - Nodo 4: { Nombre: Solid}
2024-04-06 16:16:37.572 [main] DEBUG - Nodo 5: { Nombre: Tea}
2024-04-06 16:16:37.572 [main] DEBUG - Nodo 6: { Nombre: Coffee}
2024-04-06 16:16:37.572 [main] DEBUG - Nodo 7: { Nombre: Sugar}
2024-04-06 16:16:37.572 [main] DEBUG - Nodo 8: { Nombre: Milk}
2024-04-06 16:16:37.572 [main] DEBUG - Nodo 0: { Nombre: VendingMachine}
2024-04-06 16:16:37.572 [main] DEBUG - Nodo 1: { Nombre: Container}
2024-04-06 16:16:37.572 [main] DEBUG - Nodo 2: { Nombre: Supplement}
2024-04-06 16:16:37.572 [main] DEBUG - Nodo 3: { Nombre: Beverage}
2024-04-06 16:16:37.572 [main] DEBUG - Nodo 4: { Nombre: Solid}
2024-04-06 16:16:37.572 [main] DEBUG - Nodo 5: { Nombre: Tea}
2024-04-06 16:16:37.572 [main] DEBUG - Nodo 6: { Nombre: Coffee}
2024-04-06 16:16:37.572 [main] DEBUG - Nodo 7: { Nombre: Sugar}
2024-04-06 16:16:37.573 [main] DEBUG - Nodo 8: { Nombre: Milk}
2024-04-06 16:16:37.573 [main] DEBUG - Nodo 0: { Nombre: VendingMachine}
2024-04-06 16:16:37.573 [main] DEBUG - Nodo 1: { Nombre: Container}
2024-04-06 16:16:37.573 [main] DEBUG - Nodo 2: { Nombre: Supplement}
2024-04-06 16:16:37.573 [main] DEBUG - Nodo 3: { Nombre: Beverage}
2024-04-06 16:16:37.573 [main] DEBUG - Nodo 4: { Nombre: Solid}
2024-04-06 16:16:37.573 [main] DEBUG - Nodo 5: { Nombre: Tea}
2024-04-06 16:16:37.573 [main] DEBUG - Nodo 6: { Nombre: Coffee}
2024-04-06 16:16:37.573 [main] DEBUG - Nodo 7: { Nombre: Sugar}
2024-04-06 16:16:37.573 [main] DEBUG - Nodo 8: { Nombre: Milk}
2024-04-06 16:16:37.573 [main] DEBUG - Nodo 0: { Nombre: VendingMachine}
2024-04-06 16:16:37.573 [main] DEBUG - Nodo 1: { Nombre: Container}
2024-04-06 16:16:37.573 [main] DEBUG - Nodo 2: { Nombre: Supplement}
2024-04-06 16:16:37.573 [main] DEBUG - Nodo 3: { Nombre: Beverage}
2024-04-06 16:16:37.574 [main] DEBUG - Nodo 4: { Nombre: Solid}
2024-04-06 16:16:37.574 [main] DEBUG - Nodo 5: { Nombre: Tea}
2024-04-06 16:16:37.574 [main] DEBUG - Nodo 6: { Nombre: Coffee}
2024-04-06 16:16:37.574 [main] DEBUG - Nodo 7: { Nombre: Sugar}
2024-04-06 16:16:37.574 [main] DEBUG - Nodo 8: { Nombre: Milk}
2024-04-06 16:16:37.574 [main] DEBUG - Nodo 0: { Nombre: VendingMachine}
2024-04-06 16:16:37.574 [main] DEBUG - Nodo 1: { Nombre: Container}
2024-04-06 16:16:37.574 [main] DEBUG - Nodo 2: { Nombre: Supplement}
2024-04-06 16:16:37.574 [main] DEBUG - Nodo 3: { Nombre: Beverage}
2024-04-06 16:16:37.574 [main] DEBUG - Nodo 4: { Nombre: Solid}
2024-04-06 16:16:37.574 [main] DEBUG - Nodo 5: { Nombre: Tea}
2024-04-06 16:16:37.574 [main] DEBUG - Nodo 6: { Nombre: Coffee}
2024-04-06 16:16:37.574 [main] DEBUG - Nodo 7: { Nombre: Sugar}
2024-04-06 16:16:37.574 [main] DEBUG - Nodo 8: { Nombre: Milk}
2024-04-06 16:16:37.575 [main] DEBUG - Nodo 0: { Nombre: VendingMachine}
2024-04-06 16:16:37.575 [main] DEBUG - Nodo 1: { Nombre: Container}
2024-04-06 16:16:37.575 [main] DEBUG - Nodo 2: { Nombre: Supplement}
2024-04-06 16:16:37.575 [main] DEBUG - Nodo 3: { Nombre: Beverage}
2024-04-06 16:16:37.575 [main] DEBUG - Nodo 4: { Nombre: Solid}
2024-04-06 16:16:37.575 [main] DEBUG - Nodo 5: { Nombre: Tea}
2024-04-06 16:16:37.575 [main] DEBUG - Nodo 6: { Nombre: Coffee}
2024-04-06 16:16:37.575 [main] DEBUG - Nodo 7: { Nombre: Sugar}
2024-04-06 16:16:37.575 [main] DEBUG - Nodo 8: { Nombre: Milk}
2024-04-06 16:16:37.575 [main] DEBUG - Nodo 0: { Nombre: VendingMachine}
2024-04-06 16:16:37.575 [main] DEBUG - Nodo 1: { Nombre: Container}
2024-04-06 16:16:37.575 [main] DEBUG - Nodo 2: { Nombre: Supplement}
2024-04-06 16:16:37.575 [main] DEBUG - Nodo 3: { Nombre: Beverage}
2024-04-06 16:16:37.575 [main] DEBUG - Nodo 4: { Nombre: Solid}
2024-04-06 16:16:37.575 [main] DEBUG - Nodo 5: { Nombre: Tea}
2024-04-06 16:16:37.576 [main] DEBUG - Nodo 6: { Nombre: Coffee}
2024-04-06 16:16:37.576 [main] DEBUG - Nodo 7: { Nombre: Sugar}
2024-04-06 16:16:37.576 [main] DEBUG - Nodo 8: { Nombre: Milk}
2024-04-06 16:16:37.576 [main] DEBUG - Nodo 0: { Nombre: VendingMachine}
2024-04-06 16:16:37.576 [main] DEBUG - Nodo 1: { Nombre: Container}
2024-04-06 16:16:37.576 [main] DEBUG - Nodo 2: { Nombre: Supplement}
2024-04-06 16:16:37.576 [main] DEBUG - Nodo 3: { Nombre: Beverage}
2024-04-06 16:16:37.576 [main] DEBUG - Nodo 4: { Nombre: Solid}
2024-04-06 16:16:37.576 [main] DEBUG - Nodo 5: { Nombre: Tea}
2024-04-06 16:16:37.576 [main] DEBUG - Nodo 6: { Nombre: Coffee}
2024-04-06 16:16:37.576 [main] DEBUG - Nodo 7: { Nombre: Sugar}
2024-04-06 16:16:37.576 [main] DEBUG - Nodo 8: { Nombre: Milk}
2024-04-06 16:16:37.576 [main] DEBUG - Parseando relaciones...
2024-04-06 16:16:37.578 [main] DEBUG - Relacion 0: { Origen: VendingMachine; Tipo: null; Destinos: [Container , Supplement]}
2024-04-06 16:16:37.578 [main] DEBUG - Relacion 1: { Origen: Container; Tipo: OR; Destinos: [Beverage , Solid]}
2024-04-06 16:16:37.578 [main] DEBUG - Relacion 2: { Origen: Beverage; Tipo: OR; Destinos: [Tea , Coffee]}
2024-04-06 16:16:37.578 [main] DEBUG - Relacion 3: { Origen: Supplement; Tipo: OR; Destinos: [Sugar , Milk]}
2024-04-06 16:16:37.579 [main] DEBUG - Parseando PCs...
2024-04-06 16:16:37.579 [main] DEBUG - Presence Condition 0: SolidPC
2024-04-06 16:16:37.579 [main] DEBUG - Presence Condition 1: CoffeePC
2024-04-06 16:16:37.579 [main] DEBUG - Presence Condition 2: BeveragePC
2024-04-06 16:16:37.579 [main] DEBUG - Presence Condition 3: MilkPC
2024-04-06 16:16:37.579 [main] DEBUG - Presence Condition 4: SugarPC
2024-04-06 16:16:37.579 [main] DEBUG - Presence Condition 5: TeaPC
2024-04-06 16:16:37.579 [main] DEBUG - Parseando transiciones...
2024-04-06 16:16:41.369 [main] DEBUG - Transition 0: { Nombre: t_solid; PC: SolidPC }
2024-04-06 16:16:41.369 [main] DEBUG - Transition 1: { Nombre: t_solid_end; PC: SolidPC }
2024-04-06 16:16:41.369 [main] DEBUG - Transition 2: { Nombre: t_coffee; PC: CoffeePC }
2024-04-06 16:16:41.369 [main] DEBUG - Transition 3: { Nombre: t_coffee_end; PC: CoffeePC }
2024-04-06 16:16:41.369 [main] DEBUG - Transition 4: { Nombre: t_milk_no; PC: CoffeePC }
2024-04-06 16:16:41.369 [main] DEBUG - Transition 5: { Nombre: t_milk; PC: MilkPC }
2024-04-06 16:16:41.369 [main] DEBUG - Transition 6: { Nombre: t_milk_end; PC: MilkPC }
2024-04-06 16:16:41.369 [main] DEBUG - Transition 7: { Nombre: t_beverage; PC: BeveragePC }
2024-04-06 16:16:41.369 [main] DEBUG - Transition 8: { Nombre: t_beverage_end; PC: BeveragePC }
2024-04-06 16:16:41.370 [main] DEBUG - Transition 9: { Nombre: t_sugar_no; PC: BeveragePC }
2024-04-06 16:16:41.370 [main] DEBUG - Transition 10: { Nombre: t_sugar; PC: SugarPC }
2024-04-06 16:16:41.370 [main] DEBUG - Transition 11: { Nombre: t_sugar_end; PC: SugarPC }
2024-04-06 16:16:41.370 [main] DEBUG - Transition 12: { Nombre: t_tea; PC: TeaPC }
2024-04-06 16:16:41.370 [main] DEBUG - Transition 13: { Nombre: t_tea_end; PC: TeaPC }
2024-04-06 16:16:41.370 [main] DEBUG - Transition 14: { Nombre: t_end; PC:  }
2024-04-06 16:16:41.370 [main] DEBUG - Parseando places...
2024-04-06 16:16:41.371 [main] DEBUG - Place 0: { Nombre: p_start}
2024-04-06 16:16:41.371 [main] DEBUG - Place 1: { Nombre: p_solid}
2024-04-06 16:16:41.371 [main] DEBUG - Place 2: { Nombre: p_coffee}
2024-04-06 16:16:41.371 [main] DEBUG - Place 3: { Nombre: p_coffee_end}
2024-04-06 16:16:41.371 [main] DEBUG - Place 4: { Nombre: p_beverage}
2024-04-06 16:16:41.371 [main] DEBUG - Place 5: { Nombre: p_cup}
2024-04-06 16:16:41.372 [main] DEBUG - Place 6: { Nombre: p_beverage_end}
2024-04-06 16:16:41.372 [main] DEBUG - Place 7: { Nombre: p_milk}
2024-04-06 16:16:41.372 [main] DEBUG - Place 8: { Nombre: p_sugar}
2024-04-06 16:16:41.372 [main] DEBUG - Place 9: { Nombre: p_tea}
2024-04-06 16:16:41.372 [main] DEBUG - Place 10: { Nombre: p_end}
2024-04-06 16:16:41.372 [main] DEBUG - Parseando arcos...
2024-04-06 16:16:41.375 [main] DEBUG - Arc 0: { Nombre: a_solid_in; PC: SolidPC; From p_start to t_solid }
2024-04-06 16:16:41.375 [main] DEBUG - Arc 1: { Nombre: a_solid_out; PC: SolidPC; From t_solid to p_solid }
2024-04-06 16:16:41.375 [main] DEBUG - Arc 2: { Nombre: a_solid_end_in; PC: SolidPC; From p_solid to t_solid_end }
2024-04-06 16:16:41.375 [main] DEBUG - Arc 3: { Nombre: a_solid_end_out; PC: SolidPC; From t_solid_end to t_sugar_end }
2024-04-06 16:16:41.375 [main] DEBUG - Arc 4: { Nombre: a_beverage_in; PC: BeveragePC; From p_start to t_beverage }
2024-04-06 16:16:41.375 [main] DEBUG - Arc 5: { Nombre: a_beverage_out; PC: BeveragePC; From t_sugar_no to p_beverage }
2024-04-06 16:16:41.375 [main] DEBUG - Arc 6: { Nombre: a_beverage_end_in; PC: BeveragePC; From p_beverage_end to t_beverage_end }
2024-04-06 16:16:41.376 [main] DEBUG - Arc 7: { Nombre: a_beverage_end_out; PC: BeveragePC; From t_beverage_end to p_end }
2024-04-06 16:16:41.376 [main] DEBUG - Arc 8: { Nombre: a_sugar_no_in; PC: BeveragePC; From p_cup to p_beverage }
2024-04-06 16:16:41.376 [main] DEBUG - Arc 9: { Nombre: a_sugar_no_out; PC: BeveragePC; From t_sugar_no to p_beverage_end }
2024-04-06 16:16:41.376 [main] DEBUG - Arc 10: { Nombre: a_coffee_in; PC: CoffeePC; From p_beverage to t_coffee }
2024-04-06 16:16:41.376 [main] DEBUG - Arc 11: { Nombre: a_coffee_out; PC: CoffeePC; From t_coffee to p_coffee }
2024-04-06 16:16:41.376 [main] DEBUG - Arc 12: { Nombre: a_coffee_end_in; PC: CoffeePC; From p_coffee to t_coffee_end }
2024-04-06 16:16:41.376 [main] DEBUG - Arc 13: { Nombre: a_coffee_end_out; PC: CoffeePC; From t_coffee_end to p_coffee_end }
2024-04-06 16:16:41.376 [main] DEBUG - Arc 14: { Nombre: a_milk_no_in; PC: CoffeePC; From p_coffee_end to t_milk_no }
2024-04-06 16:16:41.376 [main] DEBUG - Arc 15: { Nombre: a_milk_no_out; PC: CoffeePC; From t_milk_no to p_cup }
2024-04-06 16:16:41.376 [main] DEBUG - Arc 16: { Nombre: a_milk_in; PC: MilkPC; From p_coffee_end to t_milk }
2024-04-06 16:16:41.376 [main] DEBUG - Arc 17: { Nombre: a_milk_out; PC: MilkPC; From t_milk to p_milk }
2024-04-06 16:16:41.376 [main] DEBUG - Arc 18: { Nombre: a_milk_end_in; PC: MilkPC; From p_milk to t_milk_end }
2024-04-06 16:16:41.376 [main] DEBUG - Arc 19: { Nombre: a_milk_end_out; PC: MilkPC; From t_milk_end to p_cup }
2024-04-06 16:16:41.376 [main] DEBUG - Arc 20: { Nombre: a_sugar_in; PC: SugarPC; From p_cup to t_sugar }
2024-04-06 16:16:41.377 [main] DEBUG - Arc 21: { Nombre: a_sugar_out; PC: SugarPC; From t_sugar to p_sugar }
2024-04-06 16:16:41.377 [main] DEBUG - Arc 22: { Nombre: a_sugar_end_in; PC: SugarPC; From p_sugar to t_sugar_end }
2024-04-06 16:16:41.377 [main] DEBUG - Arc 23: { Nombre: a_sugar_end_out; PC: SugarPC; From t_sugar_end to p_beverage_end }
2024-04-06 16:16:41.377 [main] DEBUG - Arc 24: { Nombre: a_tea_in; PC: TeaPC; From p_beverage to t_tea }
2024-04-06 16:16:41.377 [main] DEBUG - Arc 25: { Nombre: a_tea_out; PC: TeaPC; From t_tea to p_tea }
2024-04-06 16:16:41.377 [main] DEBUG - Arc 26: { Nombre: a_tea_end_in; PC: TeaPC; From p_tea to t_tea_end }
2024-04-06 16:16:41.377 [main] DEBUG - Arc 27: { Nombre: a_tea_end_out; PC: TeaPC; From t_tea_end to p_cup }
2024-04-06 16:16:41.377 [main] DEBUG - Arc 28: { Nombre: a_end_in; PC: ; From p_end to t_end }
2024-04-06 16:16:41.377 [main] DEBUG - Arc 29: { Nombre: a_end_out; PC: ; From t_end to p_start }
2024-04-06 16:16:41.378 [main] DEBUG - Testeando modelo 01...
2024-04-06 16:16:50.377 [main] DEBUG - Metamodelo 01
2024-04-06 16:16:50.377 [main] DEBUG - Presence Condition  en transición t_end no encontrada
2024-04-06 16:16:50.377 [main] DEBUG - Relacion con nodo sucesor Container  no encontrado
2024-04-06 16:16:50.378 [main] DEBUG - Relacion con nodo sucesor Beverage  no encontrado
2024-04-06 16:16:50.378 [main] DEBUG - Relacion con nodo sucesor Tea  no encontrado
2024-04-06 16:16:50.378 [main] DEBUG - Relacion con nodo sucesor Sugar  no encontrado
2024-04-06 16:16:50.378 [main] DEBUG - Presence Condition  en arco a_end_in no encontrada
2024-04-06 16:16:50.379 [main] DEBUG - Presence Condition  en arco a_end_out no encontrada
2024-04-06 16:16:50.379 [main] DEBUG - -----------------------
2024-04-06 16:16:50.379 [main] DEBUG - Finalizando la aplicación
